Flutter crash report.
Please report a bug at https://github.com/flutter/flutter/issues.

## command

flutter run

## exception

NoSuchMethodError: NoSuchMethodError: The getter 'assetPathsToEvict' was called on null.
Receiver: null
Tried calling: assetPathsToEvict

```
#0      Object.noSuchMethod (dart:core-patch/object_patch.dart:38:5)
#1      HotRunner._resetDirtyAssets (package:flutter_tools/src/run_hot.dart:510:20)
#2      HotRunner._restartFromSources (package:flutter_tools/src/run_hot.dart:578:5)
<asynchronous suspension>
#3      HotRunner._fullRestartHelper (package:flutter_tools/src/run_hot.dart:760:16)
<asynchronous suspension>
#4      HotRunner.restart (package:flutter_tools/src/run_hot.dart:707:38)
<asynchronous suspension>
#5      TerminalHandler._commonTerminalInputHandler (package:flutter_tools/src/resident_runner.dart:1645:40)
<asynchronous suspension>
#6      TerminalHandler.processTerminalInput (package:flutter_tools/src/resident_runner.dart:1685:7)
<asynchronous suspension>
```

## flutter doctor

```
[✓] Flutter (Channel stable, 3.0.0, on macOS 12.1 21C52 darwin-arm, locale en-IN)
    • Flutter version 3.0.0 at /Users/deepaksharma/Library/SDK/flutter
    • Upstream repository https://github.com/flutter/flutter.git
    • Framework revision ee4e09cce0 (3 weeks ago), 2022-05-09 16:45:18 -0700
    • Engine revision d1b9a6938a
    • Dart version 2.17.0
    • DevTools version 2.12.2

[!] Android toolchain - develop for Android devices (Android SDK version 32.1.0-rc1)
    • Android SDK at /Users/deepaksharma/Library/Android/sdk
    ✗ cmdline-tools component is missing
      Run `path/to/sdkmanager --install "cmdline-tools;latest"`
      See https://developer.android.com/studio/command-line for more details.
    ✗ Android license status unknown.
      Run `flutter doctor --android-licenses` to accept the SDK licenses.
      See https://flutter.dev/docs/get-started/install/macos#android-setup for more details.

[✓] Xcode - develop for iOS and macOS (Xcode 13.3.1)
    • Xcode at /Applications/Xcode.app/Contents/Developer
    • CocoaPods version 1.11.3

[✓] Chrome - develop for the web
    • Chrome at /Applications/Google Chrome.app/Contents/MacOS/Google Chrome

[✓] Android Studio (version 2021.1)
    • Android Studio at /Applications/Android Studio.app/Contents
    • Flutter plugin can be installed from:
      🔨 https://plugins.jetbrains.com/plugin/9212-flutter
    • Dart plugin can be installed from:
      🔨 https://plugins.jetbrains.com/plugin/6351-dart
    • Java version OpenJDK Runtime Environment (build 11.0.11+0-b60-7772763)

[✓] VS Code (version 1.67.2)
    • VS Code at /Applications/Visual Studio Code.app/Contents
    • Flutter extension version 3.40.0

[✓] Connected device (3 available)
    • Nokia 6 1 Plus (mobile) • 192.168.29.254:5555 • android-arm64  • Android 10 (API 29)
    • macOS (desktop)         • macos               • darwin-arm64   • macOS 12.1 21C52 darwin-arm
    • Chrome (web)            • chrome              • web-javascript • Google Chrome 102.0.5005.61

[✓] HTTP Host Availability
    • All required HTTP hosts are available

! Doctor found issues in 1 category.
```
